<?xml version="1.0" encoding="utf-8"?><testsuites name="pytest tests"><testsuite name="pytest" errors="0" failures="0" skipped="0" tests="5" time="0.090" timestamp="2026-06-07T12:30:06.491401-03:00" hostname="Anna_Giulia-NB"><testcase classname="test_calculadora" name="test_somar" time="0.001" /><testcase classname="test_calculadora" name="test_subtrair" time="0.001" /><testcase classname="test_calculadora" name="test_multiplicar" time="0.001" /><testcase classname="test_calculadora" name="test_dividir_sucesso" time="0.001" /><testcase classname="test_calculadora" name="test_dividir_por_zero" time="0.006" /></testsuite></testsuites>